<?xml version="1.0" encoding="UTF-8"?>
<!-- Generated by org.testng.reporters.JUnitReportReporter -->
<testsuite hostname="DESKTOP-6EOM9S7" failures="0" tests="2" name="com.CRM.Dashboard.UI.DashboardTest" time="15.344" errors="0" timestamp="2023-01-14T12:15:16 IST" skipped="0">
  <testcase classname="com.CRM.Dashboard.UI.DashboardTest" name="TC_Login" time="14.411"/>
  <system-out/>
  <testcase classname="com.CRM.Dashboard.UI.DashboardTest" name="TC_LF_2" time="0.933"/>
  <system-out/>
</testsuite> <!-- com.CRM.Dashboard.UI.DashboardTest -->
