<?xml version="1.0" encoding="UTF-8"?>
<!-- Generated by org.testng.reporters.JUnitReportReporter -->
<testsuite hostname="DESKTOP-6EOM9S7" failures="0" tests="1" name="com.CRM.Dashboard.UI.DashboardTest" time="3.246" errors="0" timestamp="2022-12-23T18:14:58 IST" skipped="0">
  <testcase classname="com.CRM.Dashboard.UI.DashboardTest" name="OpenHomePage" time="3.246"/>
  <system-out/>
</testsuite> <!-- com.CRM.Dashboard.UI.DashboardTest -->
